This file contains any messages produced by compilers while
running configure, to aid debugging if configure makes a mistake.

It was created by wolfssl configure 0.1, which was
generated by GNU Autoconf 2.69.  Invocation command line was

  $ ./configure 

## --------- ##
## Platform. ##
## --------- ##

hostname = khimes-TravelMate-X483
uname -m = i686
uname -r = 3.16.0-25-generic
uname -s = Linux
uname -v = #33-Ubuntu SMP Tue Nov 4 12:05:25 UTC 2014

/usr/bin/uname -p = unknown
/bin/uname -X     = unknown

/bin/arch              = unknown
/usr/bin/arch -k       = unknown
/usr/convex/getsysinfo = unknown
/usr/bin/hostinfo      = unknown
/bin/machine           = unknown
/usr/bin/oslevel       = unknown
/bin/universe          = unknown

PATH: /usr/local/sbin
PATH: /usr/local/bin
PATH: /usr/sbin
PATH: /usr/bin
PATH: /sbin
PATH: /bin
PATH: /usr/games
PATH: /usr/local/games
PATH: /home/khimes/TI-RTOS/gcc-arm-none-eabi-4_8-2014q1/bin


## ----------- ##
## Core tests. ##
## ----------- ##

configure:2688: checking build system type
configure:2702: result: i686-pc-linux-gnu
configure:2722: checking host system type
configure:2735: result: i686-pc-linux-gnu
configure:2774: checking for a BSD-compatible install
configure:2842: result: /usr/bin/install -c
configure:2853: checking whether build environment is sane
configure:2908: result: yes
configure:3059: checking for a thread-safe mkdir -p
configure:3098: result: /bin/mkdir -p
configure:3105: checking for gawk
configure:3135: result: no
configure:3105: checking for mawk
configure:3121: found /usr/bin/mawk
configure:3132: result: mawk
configure:3143: checking whether make sets $(MAKE)
configure:3165: result: yes
configure:3194: checking whether make supports nested variables
configure:3211: result: yes
configure:3291: checking whether UID '1000' is supported by ustar format
configure:3294: result: yes
configure:3301: checking whether GID '1000' is supported by ustar format
configure:3304: result: yes
configure:3312: checking how to create a ustar tar archive
configure:3323: tar --version
tar (GNU tar) 1.27.1
Copyright (C) 2013 Free Software Foundation, Inc.
License GPLv3+: GNU GPL version 3 or later <http://gnu.org/licenses/gpl.html>.
This is free software: you are free to change and redistribute it.
There is NO WARRANTY, to the extent permitted by law.

Written by John Gilmore and Jay Fenlason.
configure:3326: $? = 0
configure:3366: tardir=conftest.dir && eval tar --format=ustar -chf - "$tardir" >conftest.tar
configure:3369: $? = 0
configure:3373: tar -xf - <conftest.tar
configure:3376: $? = 0
configure:3378: cat conftest.dir/file
GrepMe
configure:3381: $? = 0
configure:3394: result: gnutar
configure:3516: checking how to print strings
configure:3543: result: printf
configure:3576: checking for style of include used by make
configure:3604: result: GNU
configure:3675: checking for gcc
configure:3702: result: clang
configure:3931: checking for C compiler version
configure:3940: clang --version >&5
Ubuntu clang version 3.5.0-4ubuntu2 (tags/RELEASE_350/final) (based on LLVM 3.5.0)
Target: i386-pc-linux-gnu
Thread model: posix
configure:3951: $? = 0
configure:3940: clang -v >&5
Ubuntu clang version 3.5.0-4ubuntu2 (tags/RELEASE_350/final) (based on LLVM 3.5.0)
Target: i386-pc-linux-gnu
Thread model: posix
Found candidate GCC installation: /usr/bin/../lib/gcc/i686-linux-gnu/4.7
Found candidate GCC installation: /usr/bin/../lib/gcc/i686-linux-gnu/4.7.4
Found candidate GCC installation: /usr/bin/../lib/gcc/i686-linux-gnu/4.8
Found candidate GCC installation: /usr/bin/../lib/gcc/i686-linux-gnu/4.8.3
Found candidate GCC installation: /usr/bin/../lib/gcc/i686-linux-gnu/4.9
Found candidate GCC installation: /usr/bin/../lib/gcc/i686-linux-gnu/4.9.1
Found candidate GCC installation: /usr/lib/gcc/i686-linux-gnu/4.7
... rest of stderr output deleted ...
configure:3951: $? = 0
configure:3940: clang -V >&5
clang: error: argument to '-V' is missing (expected 1 value)
clang: error: no input files
configure:3951: $? = 1
configure:3940: clang -qversion >&5
clang: error: unknown argument: '-qversion'
clang: error: no input files
configure:3951: $? = 1
configure:3971: checking whether the C compiler works
configure:3993: clang    conftest.c  >&5
configure:3997: $? = 0
configure:4045: result: yes
configure:4048: checking for C compiler default output file name
configure:4050: result: a.out
configure:4056: checking for suffix of executables
configure:4063: clang -o conftest    conftest.c  >&5
configure:4067: $? = 0
configure:4089: result: 
configure:4111: checking whether we are cross compiling
configure:4119: clang -o conftest    conftest.c  >&5
configure:4123: $? = 0
configure:4130: ./conftest
configure:4134: $? = 0
configure:4149: result: no
configure:4154: checking for suffix of object files
configure:4176: clang -c   conftest.c >&5
configure:4180: $? = 0
configure:4201: result: o
configure:4205: checking whether we are using the GNU C compiler
configure:4224: clang -c   conftest.c >&5
configure:4224: $? = 0
configure:4233: result: yes
configure:4242: checking whether clang accepts -g
configure:4262: clang -c -g  conftest.c >&5
configure:4262: $? = 0
configure:4303: result: yes
configure:4320: checking for clang option to accept ISO C89
configure:4383: clang  -c -g -O2  conftest.c >&5
configure:4383: $? = 0
configure:4396: result: none needed
configure:4421: checking whether clang understands -c and -o together
configure:4443: clang -c conftest.c -o conftest2.o
configure:4446: $? = 0
configure:4443: clang -c conftest.c -o conftest2.o
configure:4446: $? = 0
configure:4458: result: yes
configure:4477: checking dependency style of clang
configure:4588: result: gcc3
configure:4603: checking for a sed that does not truncate output
configure:4667: result: /bin/sed
configure:4685: checking for grep that handles long lines and -e
configure:4743: result: /bin/grep
configure:4748: checking for egrep
configure:4810: result: /bin/grep -E
configure:4815: checking for fgrep
configure:4877: result: /bin/grep -F
configure:4912: checking for ld used by clang
configure:4979: result: /usr/bin/ld
configure:4986: checking if the linker (/usr/bin/ld) is GNU ld
configure:5001: result: yes
configure:5013: checking for BSD- or MS-compatible name lister (nm)
configure:5062: result: /usr/bin/nm -B
configure:5192: checking the name lister (/usr/bin/nm -B) interface
configure:5199: clang -c -g -O2  conftest.c >&5
configure:5202: /usr/bin/nm -B "conftest.o"
configure:5205: output
00000000 N .Linfo_string0
00000053 N .Linfo_string1
0000005e N .Linfo_string2
00000078 N .Linfo_string3
00000086 N .Linfo_string4
00000000 B some_variable
configure:5212: result: BSD nm
configure:5215: checking whether ln -s works
configure:5219: result: yes
configure:5227: checking the maximum length of command line arguments
configure:5358: result: 1572864
configure:5375: checking whether the shell understands some XSI constructs
configure:5385: result: yes
configure:5389: checking whether the shell understands "+="
configure:5395: result: yes
configure:5430: checking how to convert i686-pc-linux-gnu file names to i686-pc-linux-gnu format
configure:5470: result: func_convert_file_noop
configure:5477: checking how to convert i686-pc-linux-gnu file names to toolchain format
configure:5497: result: func_convert_file_noop
configure:5504: checking for /usr/bin/ld option to reload object files
configure:5511: result: -r
configure:5585: checking for objdump
configure:5601: found /usr/bin/objdump
configure:5612: result: objdump
configure:5644: checking how to recognize dependent libraries
configure:5842: result: pass_all
configure:5927: checking for dlltool
configure:5957: result: no
configure:5987: checking how to associate runtime and link libraries
configure:6014: result: printf %s\n
configure:6075: checking for ar
configure:6091: found /usr/bin/ar
configure:6102: result: ar
configure:6139: checking for archiver @FILE support
configure:6156: clang -c -g -O2  conftest.c >&5
configure:6156: $? = 0
configure:6159: ar cru libconftest.a @conftest.lst >&5
configure:6162: $? = 0
configure:6167: ar cru libconftest.a @conftest.lst >&5
ar: conftest.o: No such file or directory
configure:6170: $? = 1
configure:6182: result: @
configure:6240: checking for strip
configure:6256: found /usr/bin/strip
configure:6267: result: strip
configure:6339: checking for ranlib
configure:6355: found /usr/bin/ranlib
configure:6366: result: ranlib
configure:6468: checking command to parse /usr/bin/nm -B output from clang object
configure:6588: clang -c -g -O2  conftest.c >&5
configure:6591: $? = 0
configure:6595: /usr/bin/nm -B conftest.o \| sed -n -e 's/^.*[ ]\([ABCDGIRSTW][ABCDGIRSTW]*\)[ ][ ]*\([_A-Za-z][_A-Za-z0-9]*\)$/\1 \2 \2/p' | sed '/ __gnu_lto/d' \> conftest.nm
configure:6598: $? = 0
configure:6664: clang -o conftest -g -O2   conftest.c conftstm.o >&5
configure:6667: $? = 0
configure:6705: result: ok
configure:6742: checking for sysroot
configure:6772: result: no
configure:7041: checking for mt
configure:7057: found /bin/mt
configure:7068: result: mt
configure:7091: checking if mt is a manifest tool
configure:7097: mt '-?'
configure:7105: result: no
configure:7747: checking how to run the C preprocessor
configure:7778: clang -E  conftest.c
configure:7778: $? = 0
configure:7792: clang -E  conftest.c
conftest.c:9:10: fatal error: 'ac_nonexistent.h' file not found
#include <ac_nonexistent.h>
         ^
1 error generated.
configure:7792: $? = 1
configure: failed program was:
| /* confdefs.h */
| #define PACKAGE_NAME "wolfssl"
| #define PACKAGE_TARNAME "wolfssl"
| #define PACKAGE_VERSION "0.1"
| #define PACKAGE_STRING "wolfssl 0.1"
| #define PACKAGE_BUGREPORT "http://www.wolfssl.com"
| #define PACKAGE_URL ""
| /* end confdefs.h.  */
| #include <ac_nonexistent.h>
configure:7817: result: clang -E
configure:7837: clang -E  conftest.c
configure:7837: $? = 0
configure:7851: clang -E  conftest.c
conftest.c:9:10: fatal error: 'ac_nonexistent.h' file not found
#include <ac_nonexistent.h>
         ^
1 error generated.
configure:7851: $? = 1
configure: failed program was:
| /* confdefs.h */
| #define PACKAGE_NAME "wolfssl"
| #define PACKAGE_TARNAME "wolfssl"
| #define PACKAGE_VERSION "0.1"
| #define PACKAGE_STRING "wolfssl 0.1"
| #define PACKAGE_BUGREPORT "http://www.wolfssl.com"
| #define PACKAGE_URL ""
| /* end confdefs.h.  */
| #include <ac_nonexistent.h>
configure:7880: checking for ANSI C header files
configure:7900: clang -c -g -O2  conftest.c >&5
configure:7900: $? = 0
configure:7973: clang -o conftest -g -O2   conftest.c  >&5
configure:7973: $? = 0
configure:7973: ./conftest
configure:7973: $? = 0
configure:7984: result: yes
configure:7997: checking for sys/types.h
configure:7997: clang -c -g -O2  conftest.c >&5
configure:7997: $? = 0
configure:7997: result: yes
configure:7997: checking for sys/stat.h
configure:7997: clang -c -g -O2  conftest.c >&5
configure:7997: $? = 0
configure:7997: result: yes
configure:7997: checking for stdlib.h
configure:7997: clang -c -g -O2  conftest.c >&5
configure:7997: $? = 0
configure:7997: result: yes
configure:7997: checking for string.h
configure:7997: clang -c -g -O2  conftest.c >&5
configure:7997: $? = 0
configure:7997: result: yes
configure:7997: checking for memory.h
configure:7997: clang -c -g -O2  conftest.c >&5
configure:7997: $? = 0
configure:7997: result: yes
configure:7997: checking for strings.h
configure:7997: clang -c -g -O2  conftest.c >&5
configure:7997: $? = 0
configure:7997: result: yes
configure:7997: checking for inttypes.h
configure:7997: clang -c -g -O2  conftest.c >&5
configure:7997: $? = 0
configure:7997: result: yes
configure:7997: checking for stdint.h
configure:7997: clang -c -g -O2  conftest.c >&5
configure:7997: $? = 0
configure:7997: result: yes
configure:7997: checking for unistd.h
configure:7997: clang -c -g -O2  conftest.c >&5
configure:7997: $? = 0
configure:7997: result: yes
configure:8011: checking for dlfcn.h
configure:8011: clang -c -g -O2  conftest.c >&5
configure:8011: $? = 0
configure:8011: result: yes
configure:8216: checking for objdir
configure:8231: result: .libs
configure:8502: checking if clang supports -fno-rtti -fno-exceptions
configure:8520: clang -c -g -O2  -fno-rtti -fno-exceptions conftest.c >&5
configure:8524: $? = 0
configure:8537: result: yes
configure:8864: checking for clang option to produce PIC
configure:8871: result: -fPIC -DPIC
configure:8879: checking if clang PIC flag -fPIC -DPIC works
configure:8897: clang -c -g -O2  -fPIC -DPIC -DPIC conftest.c >&5
configure:8901: $? = 0
configure:8914: result: yes
configure:8943: checking if clang static flag -static works
configure:8971: result: yes
configure:8986: checking if clang supports -c -o file.o
configure:9007: clang -c -g -O2  -o out/conftest2.o conftest.c >&5
configure:9011: $? = 0
configure:9033: result: yes
configure:9041: checking if clang supports -c -o file.o
configure:9088: result: yes
configure:9121: checking whether the clang linker (/usr/bin/ld) supports shared libraries
configure:10278: result: yes
configure:10315: checking whether -lc should be explicitly linked in
configure:10323: clang -c -g -O2  conftest.c >&5
configure:10326: $? = 0
configure:10341: clang -shared  -fPIC -DPIC conftest.o  -v -Wl,-soname -Wl,conftest -o conftest 2\>\&1 \| /bin/grep  -lc  \>/dev/null 2\>\&1
configure:10344: $? = 0
configure:10358: result: no
configure:10518: checking dynamic linker characteristics
configure:11018: clang -o conftest -g -O2   -Wl,-rpath -Wl,/foo conftest.c  >&5
configure:11018: $? = 0
configure:11252: result: GNU/Linux ld.so
configure:11359: checking how to hardcode library paths into programs
configure:11384: result: immediate
configure:11924: checking whether stripping libraries is possible
configure:11929: result: yes
configure:11964: checking if libtool supports shared libraries
configure:11966: result: yes
configure:11969: checking whether to build shared libraries
configure:11990: result: yes
configure:11993: checking whether to build static libraries
configure:11997: result: no
configure:12092: checking for g++
configure:12108: found /usr/bin/g++
configure:12119: result: g++
configure:12146: checking for C++ compiler version
configure:12155: g++ --version >&5
g++ (Ubuntu 4.9.1-16ubuntu6) 4.9.1
Copyright (C) 2014 Free Software Foundation, Inc.
This is free software; see the source for copying conditions.  There is NO
warranty; not even for MERCHANTABILITY or FITNESS FOR A PARTICULAR PURPOSE.

configure:12166: $? = 0
configure:12155: g++ -v >&5
Using built-in specs.
COLLECT_GCC=g++
COLLECT_LTO_WRAPPER=/usr/lib/gcc/i686-linux-gnu/4.9/lto-wrapper
Target: i686-linux-gnu
Configured with: ../src/configure -v --with-pkgversion='Ubuntu 4.9.1-16ubuntu6' --with-bugurl=file:///usr/share/doc/gcc-4.9/README.Bugs --enable-languages=c,c++,java,go,d,fortran,objc,obj-c++ --prefix=/usr --program-suffix=-4.9 --enable-shared --enable-linker-build-id --libexecdir=/usr/lib --without-included-gettext --enable-threads=posix --with-gxx-include-dir=/usr/include/c++/4.9 --libdir=/usr/lib --enable-nls --with-sysroot=/ --enable-clocale=gnu --enable-libstdcxx-debug --enable-libstdcxx-time=yes --enable-gnu-unique-object --disable-vtable-verify --enable-plugin --with-system-zlib --disable-browser-plugin --enable-java-awt=gtk --enable-gtk-cairo --with-java-home=/usr/lib/jvm/java-1.5.0-gcj-4.9-i386/jre --enable-java-home --with-jvm-root-dir=/usr/lib/jvm/java-1.5.0-gcj-4.9-i386 --with-jvm-jar-dir=/usr/lib/jvm-exports/java-1.5.0-gcj-4.9-i386 --with-arch-directory=i386 --with-ecj-jar=/usr/share/java/eclipse-ecj.jar --enable-objc-gc --enable-targets=all --enable-multiarch --disable-werror --with-arch-32=i686 --with-multilib-list=m32,m64,mx32 --enable-multilib --with-tune=generic --enable-checking=release --build=i686-linux-gnu --host=i686-linux-gnu --target=i686-linux-gnu
Thread model: posix
gcc version 4.9.1 (Ubuntu 4.9.1-16ubuntu6) 
configure:12166: $? = 0
configure:12155: g++ -V >&5
g++: error: unrecognized command line option '-V'
g++: fatal error: no input files
compilation terminated.
configure:12166: $? = 4
configure:12155: g++ -qversion >&5
g++: error: unrecognized command line option '-qversion'
g++: fatal error: no input files
compilation terminated.
configure:12166: $? = 4
configure:12170: checking whether we are using the GNU C++ compiler
configure:12189: g++ -c   conftest.cpp >&5
configure:12189: $? = 0
configure:12198: result: yes
configure:12207: checking whether g++ accepts -g
configure:12227: g++ -c -g  conftest.cpp >&5
configure:12227: $? = 0
configure:12268: result: yes
configure:12293: checking dependency style of g++
configure:12404: result: gcc3
configure:12438: checking how to run the C++ preprocessor
configure:12465: g++ -E  conftest.cpp
configure:12465: $? = 0
configure:12479: g++ -E  conftest.cpp
conftest.cpp:21:28: fatal error: ac_nonexistent.h: No such file or directory
 #include <ac_nonexistent.h>
                            ^
compilation terminated.
configure:12479: $? = 1
configure: failed program was:
| /* confdefs.h */
| #define PACKAGE_NAME "wolfssl"
| #define PACKAGE_TARNAME "wolfssl"
| #define PACKAGE_VERSION "0.1"
| #define PACKAGE_STRING "wolfssl 0.1"
| #define PACKAGE_BUGREPORT "http://www.wolfssl.com"
| #define PACKAGE_URL ""
| #define STDC_HEADERS 1
| #define HAVE_SYS_TYPES_H 1
| #define HAVE_SYS_STAT_H 1
| #define HAVE_STDLIB_H 1
| #define HAVE_STRING_H 1
| #define HAVE_MEMORY_H 1
| #define HAVE_STRINGS_H 1
| #define HAVE_INTTYPES_H 1
| #define HAVE_STDINT_H 1
| #define HAVE_UNISTD_H 1
| #define HAVE_DLFCN_H 1
| #define LT_OBJDIR ".libs/"
| /* end confdefs.h.  */
| #include <ac_nonexistent.h>
configure:12504: result: g++ -E
configure:12524: g++ -E  conftest.cpp
configure:12524: $? = 0
configure:12538: g++ -E  conftest.cpp
conftest.cpp:21:28: fatal error: ac_nonexistent.h: No such file or directory
 #include <ac_nonexistent.h>
                            ^
compilation terminated.
configure:12538: $? = 1
configure: failed program was:
| /* confdefs.h */
| #define PACKAGE_NAME "wolfssl"
| #define PACKAGE_TARNAME "wolfssl"
| #define PACKAGE_VERSION "0.1"
| #define PACKAGE_STRING "wolfssl 0.1"
| #define PACKAGE_BUGREPORT "http://www.wolfssl.com"
| #define PACKAGE_URL ""
| #define STDC_HEADERS 1
| #define HAVE_SYS_TYPES_H 1
| #define HAVE_SYS_STAT_H 1
| #define HAVE_STDLIB_H 1
| #define HAVE_STRING_H 1
| #define HAVE_MEMORY_H 1
| #define HAVE_STRINGS_H 1
| #define HAVE_INTTYPES_H 1
| #define HAVE_STDINT_H 1
| #define HAVE_UNISTD_H 1
| #define HAVE_DLFCN_H 1
| #define LT_OBJDIR ".libs/"
| /* end confdefs.h.  */
| #include <ac_nonexistent.h>
configure:12707: checking for ld used by g++
configure:12774: result: /usr/bin/ld
configure:12781: checking if the linker (/usr/bin/ld) is GNU ld
configure:12796: result: yes
configure:12851: checking whether the g++ linker (/usr/bin/ld) supports shared libraries
configure:13853: result: yes
configure:13889: g++ -c -g -O2  conftest.cpp >&5
configure:13892: $? = 0
configure:14412: checking for g++ option to produce PIC
configure:14419: result: -fPIC -DPIC
configure:14427: checking if g++ PIC flag -fPIC -DPIC works
configure:14445: g++ -c -g -O2  -fPIC -DPIC -DPIC conftest.cpp >&5
configure:14449: $? = 0
configure:14462: result: yes
configure:14485: checking if g++ static flag -static works
configure:14513: result: yes
configure:14525: checking if g++ supports -c -o file.o
configure:14546: g++ -c -g -O2  -o out/conftest2.o conftest.cpp >&5
configure:14550: $? = 0
configure:14572: result: yes
configure:14577: checking if g++ supports -c -o file.o
configure:14624: result: yes
configure:14654: checking whether the g++ linker (/usr/bin/ld) supports shared libraries
configure:14693: result: yes
configure:14834: checking dynamic linker characteristics
configure:15502: result: GNU/Linux ld.so
configure:15555: checking how to hardcode library paths into programs
configure:15580: result: immediate
configure:15627: checking whether the -Werror option is usable
configure:15646: clang -c -g -O2 -Werror  conftest.c >&5
configure:15646: $? = 0
configure:15655: result: yes
configure:15657: checking for simple visibility declarations
configure:15684: clang -c -g -O2 -fvisibility=hidden -Werror  conftest.c >&5
configure:15684: $? = 0
configure:15693: result: yes
configure:15727: checking whether make supports nested variables
configure:15744: result: yes
configure:15869: checking for C++ compiler version
configure:15878: g++ --version >&5
g++ (Ubuntu 4.9.1-16ubuntu6) 4.9.1
Copyright (C) 2014 Free Software Foundation, Inc.
This is free software; see the source for copying conditions.  There is NO
warranty; not even for MERCHANTABILITY or FITNESS FOR A PARTICULAR PURPOSE.

configure:15889: $? = 0
configure:15878: g++ -v >&5
Using built-in specs.
COLLECT_GCC=g++
COLLECT_LTO_WRAPPER=/usr/lib/gcc/i686-linux-gnu/4.9/lto-wrapper
Target: i686-linux-gnu
Configured with: ../src/configure -v --with-pkgversion='Ubuntu 4.9.1-16ubuntu6' --with-bugurl=file:///usr/share/doc/gcc-4.9/README.Bugs --enable-languages=c,c++,java,go,d,fortran,objc,obj-c++ --prefix=/usr --program-suffix=-4.9 --enable-shared --enable-linker-build-id --libexecdir=/usr/lib --without-included-gettext --enable-threads=posix --with-gxx-include-dir=/usr/include/c++/4.9 --libdir=/usr/lib --enable-nls --with-sysroot=/ --enable-clocale=gnu --enable-libstdcxx-debug --enable-libstdcxx-time=yes --enable-gnu-unique-object --disable-vtable-verify --enable-plugin --with-system-zlib --disable-browser-plugin --enable-java-awt=gtk --enable-gtk-cairo --with-java-home=/usr/lib/jvm/java-1.5.0-gcj-4.9-i386/jre --enable-java-home --with-jvm-root-dir=/usr/lib/jvm/java-1.5.0-gcj-4.9-i386 --with-jvm-jar-dir=/usr/lib/jvm-exports/java-1.5.0-gcj-4.9-i386 --with-arch-directory=i386 --with-ecj-jar=/usr/share/java/eclipse-ecj.jar --enable-objc-gc --enable-targets=all --enable-multiarch --disable-werror --with-arch-32=i686 --with-multilib-list=m32,m64,mx32 --enable-multilib --with-tune=generic --enable-checking=release --build=i686-linux-gnu --host=i686-linux-gnu --target=i686-linux-gnu
Thread model: posix
gcc version 4.9.1 (Ubuntu 4.9.1-16ubuntu6) 
configure:15889: $? = 0
configure:15878: g++ -V >&5
g++: error: unrecognized command line option '-V'
g++: fatal error: no input files
compilation terminated.
configure:15889: $? = 4
configure:15878: g++ -qversion >&5
g++: error: unrecognized command line option '-qversion'
g++: fatal error: no input files
compilation terminated.
configure:15889: $? = 4
configure:15893: checking whether we are using the GNU C++ compiler
configure:15921: result: yes
configure:15930: checking whether g++ accepts -g
configure:15991: result: yes
configure:16016: checking dependency style of g++
configure:16127: result: gcc3
configure:16146: checking for gawk
configure:16173: result: mawk
configure:16232: checking for gcc
configure:16259: result: clang
configure:16488: checking for C compiler version
configure:16497: clang --version >&5
Ubuntu clang version 3.5.0-4ubuntu2 (tags/RELEASE_350/final) (based on LLVM 3.5.0)
Target: i386-pc-linux-gnu
Thread model: posix
configure:16508: $? = 0
configure:16497: clang -v >&5
Ubuntu clang version 3.5.0-4ubuntu2 (tags/RELEASE_350/final) (based on LLVM 3.5.0)
Target: i386-pc-linux-gnu
Thread model: posix
Found candidate GCC installation: /usr/bin/../lib/gcc/i686-linux-gnu/4.7
Found candidate GCC installation: /usr/bin/../lib/gcc/i686-linux-gnu/4.7.4
Found candidate GCC installation: /usr/bin/../lib/gcc/i686-linux-gnu/4.8
Found candidate GCC installation: /usr/bin/../lib/gcc/i686-linux-gnu/4.8.3
Found candidate GCC installation: /usr/bin/../lib/gcc/i686-linux-gnu/4.9
Found candidate GCC installation: /usr/bin/../lib/gcc/i686-linux-gnu/4.9.1
Found candidate GCC installation: /usr/lib/gcc/i686-linux-gnu/4.7
... rest of stderr output deleted ...
configure:16508: $? = 0
configure:16497: clang -V >&5
clang: error: argument to '-V' is missing (expected 1 value)
clang: error: no input files
configure:16508: $? = 1
configure:16497: clang -qversion >&5
clang: error: unknown argument: '-qversion'
clang: error: no input files
configure:16508: $? = 1
configure:16512: checking whether we are using the GNU C compiler
configure:16540: result: yes
configure:16549: checking whether clang accepts -g
configure:16610: result: yes
configure:16627: checking for clang option to accept ISO C89
configure:16703: result: none needed
configure:16728: checking whether clang understands -c and -o together
configure:16765: result: yes
configure:16784: checking dependency style of clang
configure:16895: result: gcc3
configure:16915: checking how to run the C preprocessor
configure:16985: result: clang -E
configure:17005: clang -E  -fvisibility=hidden conftest.c
configure:17005: $? = 0
configure:17019: clang -E  -fvisibility=hidden conftest.c
conftest.c:22:10: fatal error: 'ac_nonexistent.h' file not found
#include <ac_nonexistent.h>
         ^
1 error generated.
configure:17019: $? = 1
configure: failed program was:
| /* confdefs.h */
| #define PACKAGE_NAME "wolfssl"
| #define PACKAGE_TARNAME "wolfssl"
| #define PACKAGE_VERSION "0.1"
| #define PACKAGE_STRING "wolfssl 0.1"
| #define PACKAGE_BUGREPORT "http://www.wolfssl.com"
| #define PACKAGE_URL ""
| #define STDC_HEADERS 1
| #define HAVE_SYS_TYPES_H 1
| #define HAVE_SYS_STAT_H 1
| #define HAVE_STDLIB_H 1
| #define HAVE_STRING_H 1
| #define HAVE_MEMORY_H 1
| #define HAVE_STRINGS_H 1
| #define HAVE_INTTYPES_H 1
| #define HAVE_STDINT_H 1
| #define HAVE_UNISTD_H 1
| #define HAVE_DLFCN_H 1
| #define LT_OBJDIR ".libs/"
| #define HAVE_VISIBILITY 1
| /* end confdefs.h.  */
| #include <ac_nonexistent.h>
configure:17048: checking whether clang and cc understand -c and -o together
configure:17079: clang -c conftest.c -o conftest2.o >&5
configure:17083: $? = 0
configure:17089: clang -c conftest.c -o conftest2.o >&5
configure:17093: $? = 0
configure:17104: cc -c conftest.c >&5
configure:17108: $? = 0
configure:17116: cc -c conftest.c -o conftest2.o >&5
configure:17120: $? = 0
configure:17126: cc -c conftest.c -o conftest2.o >&5
configure:17130: $? = 0
configure:17148: result: yes
configure:17159: checking whether ln -s works
configure:17163: result: yes
configure:17170: checking whether make sets $(MAKE)
configure:17192: result: yes
configure:17204: checking for ANSI C header files
configure:17308: result: yes
configure:17319: checking sys/time.h usability
configure:17319: clang -c -g -O2  -fvisibility=hidden conftest.c >&5
configure:17319: $? = 0
configure:17319: result: yes
configure:17319: checking sys/time.h presence
configure:17319: clang -E  -fvisibility=hidden conftest.c
configure:17319: $? = 0
configure:17319: result: yes
configure:17319: checking for sys/time.h
configure:17319: result: yes
configure:17319: checking for string.h
configure:17319: result: yes
configure:17319: checking termios.h usability
configure:17319: clang -c -g -O2  -fvisibility=hidden conftest.c >&5
configure:17319: $? = 0
configure:17319: result: yes
configure:17319: checking termios.h presence
configure:17319: clang -E  -fvisibility=hidden conftest.c
configure:17319: $? = 0
configure:17319: result: yes
configure:17319: checking for termios.h
configure:17319: result: yes
configure:17319: checking for unistd.h
configure:17319: result: yes
configure:17333: checking size of long long
configure:17338: clang -o conftest -g -O2  -fvisibility=hidden  conftest.c  >&5
configure:17338: $? = 0
configure:17338: ./conftest
configure:17338: $? = 0
configure:17352: result: 8
configure:17366: checking size of long
configure:17371: clang -o conftest -g -O2  -fvisibility=hidden  conftest.c  >&5
configure:17371: $? = 0
configure:17371: ./conftest
configure:17371: $? = 0
configure:17385: result: 4
configure:17398: checking for gettimeofday
configure:17398: clang -o conftest -g -O2  -fvisibility=hidden  conftest.c  >&5
configure:17398: $? = 0
configure:17398: result: yes
configure:17398: checking for memset
configure:17398: clang -o conftest -g -O2  -fvisibility=hidden  conftest.c  >&5
conftest.c:53:6: warning: incompatible redeclaration of library function 'memset' [-Wincompatible-library-redeclaration]
char memset ();
     ^
conftest.c:53:6: note: 'memset' is a builtin with type 'void *(void *, int, unsigned int)'
1 warning generated.
configure:17398: $? = 0
configure:17398: result: yes
configure:17398: checking for alarm
configure:17398: clang -o conftest -g -O2  -fvisibility=hidden  conftest.c  >&5
configure:17398: $? = 0
configure:17398: result: yes
configure:17409: checking for stdlib.h
configure:17409: result: yes
configure:17419: checking for GNU libc compatible malloc
configure:17443: clang -o conftest -g -O2  -fvisibility=hidden  conftest.c  >&5
configure:17443: $? = 0
configure:17443: ./conftest
configure:17443: $? = 0
configure:17453: result: yes
configure:17474: checking for int64_t
configure:17474: clang -c -g -O2  -fvisibility=hidden conftest.c >&5
configure:17474: $? = 0
configure:17474: clang -c -g -O2  -fvisibility=hidden conftest.c >&5
conftest.c:71:24: error: 'test_array' declared as an array with a negative size
static int test_array [1 - 2 * !((int64_t) (((((int64_t) 1 << N) << N) - 1) * 2 + 1)
                       ^~~~~~~~~~~~~~~~~~~~~~~~~~~~~~~~~~~~~~~~~~~~~~~~~~~~~~~~~~~~~
1 error generated.
configure:17474: $? = 1
configure: failed program was:
| /* confdefs.h */
| #define PACKAGE_NAME "wolfssl"
| #define PACKAGE_TARNAME "wolfssl"
| #define PACKAGE_VERSION "0.1"
| #define PACKAGE_STRING "wolfssl 0.1"
| #define PACKAGE_BUGREPORT "http://www.wolfssl.com"
| #define PACKAGE_URL ""
| #define STDC_HEADERS 1
| #define HAVE_SYS_TYPES_H 1
| #define HAVE_SYS_STAT_H 1
| #define HAVE_STDLIB_H 1
| #define HAVE_STRING_H 1
| #define HAVE_MEMORY_H 1
| #define HAVE_STRINGS_H 1
| #define HAVE_INTTYPES_H 1
| #define HAVE_STDINT_H 1
| #define HAVE_UNISTD_H 1
| #define HAVE_DLFCN_H 1
| #define LT_OBJDIR ".libs/"
| #define HAVE_VISIBILITY 1
| #define STDC_HEADERS 1
| #define HAVE_SYS_TIME_H 1
| #define HAVE_STRING_H 1
| #define HAVE_TERMIOS_H 1
| #define HAVE_UNISTD_H 1
| #define SIZEOF_LONG_LONG 8
| #define SIZEOF_LONG 4
| #define HAVE_GETTIMEOFDAY 1
| #define HAVE_MEMSET 1
| #define HAVE_ALARM 1
| #define HAVE_STDLIB_H 1
| #define HAVE_MALLOC 1
| /* end confdefs.h.  */
| #include <stdio.h>
| #ifdef HAVE_SYS_TYPES_H
| # include <sys/types.h>
| #endif
| #ifdef HAVE_SYS_STAT_H
| # include <sys/stat.h>
| #endif
| #ifdef STDC_HEADERS
| # include <stdlib.h>
| # include <stddef.h>
| #else
| # ifdef HAVE_STDLIB_H
| #  include <stdlib.h>
| # endif
| #endif
| #ifdef HAVE_STRING_H
| # if !defined STDC_HEADERS && defined HAVE_MEMORY_H
| #  include <memory.h>
| # endif
| # include <string.h>
| #endif
| #ifdef HAVE_STRINGS_H
| # include <strings.h>
| #endif
| #ifdef HAVE_INTTYPES_H
| # include <inttypes.h>
| #endif
| #ifdef HAVE_STDINT_H
| # include <stdint.h>
| #endif
| #ifdef HAVE_UNISTD_H
| # include <unistd.h>
| #endif
| 	        enum { N = 64 / 2 - 1 };
| int
| main ()
| {
| static int test_array [1 - 2 * !((int64_t) (((((int64_t) 1 << N) << N) - 1) * 2 + 1)
| 		 < (int64_t) (((((int64_t) 1 << N) << N) - 1) * 2 + 2))];
| test_array [0] = 0;
| return test_array [0];
| 
|   ;
|   return 0;
| }
configure:17474: result: yes
configure:17715: checking for ld used by GCC
configure:17779: result: /usr/bin/ld
configure:17786: checking if the linker (/usr/bin/ld) is GNU ld
configure:17799: result: yes
configure:17806: checking for shared library run path origin
configure:17819: result: done
configure:18345: checking for libcyassl
configure:18368: clang -o conftest -g -O2  -fvisibility=hidden  -L/usr/local/lib conftest.c  -lcyassl -lcyassl >&5
configure:18368: $? = 0
configure:18378: result: yes
configure:18385: checking how to link with libcyassl
configure:18387: result: -lcyassl
configure:18419: checking for CyaSSL_Cleanup
configure:18419: clang -o conftest -g -O2  -fvisibility=hidden  -L/usr/local/lib conftest.c  -lcyassl -lcyassl >&5
configure:18419: $? = 0
configure:18419: result: yes
configure:18464: checking whether the linker accepts 
configure:18483: clang -o conftest   -fvisibility=hidden  -L/usr/local/lib   conftest.c  -lcyassl >&5
configure:18483: $? = 0
configure:18492: result: yes
configure:18503: : CFLAGS already contains 
configure:18506: $? = 0
configure:18530: adding automake macro support
configure:18534: creating aminclude.am
configure:18721: checking for debug
configure:18723: result: no
configure:18932: checking for the pthreads library -lpthreads
configure:18970: clang -o conftest    -fvisibility=hidden  -L/usr/local/lib conftest.c -lpthreads  -lcyassl >&5
/usr/bin/ld: cannot find -lpthreads
clang: error: linker command failed with exit code 1 (use -v to see invocation)
configure:18970: $? = 1
configure: failed program was:
| /* confdefs.h */
| #define PACKAGE_NAME "wolfssl"
| #define PACKAGE_TARNAME "wolfssl"
| #define PACKAGE_VERSION "0.1"
| #define PACKAGE_STRING "wolfssl 0.1"
| #define PACKAGE_BUGREPORT "http://www.wolfssl.com"
| #define PACKAGE_URL ""
| #define STDC_HEADERS 1
| #define HAVE_SYS_TYPES_H 1
| #define HAVE_SYS_STAT_H 1
| #define HAVE_STDLIB_H 1
| #define HAVE_STRING_H 1
| #define HAVE_MEMORY_H 1
| #define HAVE_STRINGS_H 1
| #define HAVE_INTTYPES_H 1
| #define HAVE_STDINT_H 1
| #define HAVE_UNISTD_H 1
| #define HAVE_DLFCN_H 1
| #define LT_OBJDIR ".libs/"
| #define HAVE_VISIBILITY 1
| #define STDC_HEADERS 1
| #define HAVE_SYS_TIME_H 1
| #define HAVE_STRING_H 1
| #define HAVE_TERMIOS_H 1
| #define HAVE_UNISTD_H 1
| #define SIZEOF_LONG_LONG 8
| #define SIZEOF_LONG 4
| #define HAVE_GETTIMEOFDAY 1
| #define HAVE_MEMSET 1
| #define HAVE_ALARM 1
| #define HAVE_STDLIB_H 1
| #define HAVE_MALLOC 1
| #define HAVE_LIBCYASSL 1
| #define HAVE_CYASSL_CLEANUP 1
| #define DEBUG 0
| /* end confdefs.h.  */
| #include <pthread.h>
|                         static void routine(void *a) { a = 0; }
|                         static void *start_routine(void *a) { return a; }
| int
| main ()
| {
| pthread_t th; pthread_attr_t attr;
|                         pthread_create(&th, 0, start_routine, 0);
|                         pthread_join(th, 0);
|                         pthread_attr_init(&attr);
|                         pthread_cleanup_push(routine, 0);
|                         pthread_cleanup_pop(0) /* ; */
|   ;
|   return 0;
| }
configure:18979: result: no
configure:18877: checking whether pthreads work without any flags
configure:18970: clang -o conftest    -fvisibility=hidden  -L/usr/local/lib conftest.c   -lcyassl >&5
/usr/bin/ld: /tmp/conftest-a7816c.o: undefined reference to symbol 'pthread_create@@GLIBC_2.1'
/lib/i386-linux-gnu/libpthread.so.0: error adding symbols: DSO missing from command line
clang: error: linker command failed with exit code 1 (use -v to see invocation)
configure:18970: $? = 1
configure: failed program was:
| /* confdefs.h */
| #define PACKAGE_NAME "wolfssl"
| #define PACKAGE_TARNAME "wolfssl"
| #define PACKAGE_VERSION "0.1"
| #define PACKAGE_STRING "wolfssl 0.1"
| #define PACKAGE_BUGREPORT "http://www.wolfssl.com"
| #define PACKAGE_URL ""
| #define STDC_HEADERS 1
| #define HAVE_SYS_TYPES_H 1
| #define HAVE_SYS_STAT_H 1
| #define HAVE_STDLIB_H 1
| #define HAVE_STRING_H 1
| #define HAVE_MEMORY_H 1
| #define HAVE_STRINGS_H 1
| #define HAVE_INTTYPES_H 1
| #define HAVE_STDINT_H 1
| #define HAVE_UNISTD_H 1
| #define HAVE_DLFCN_H 1
| #define LT_OBJDIR ".libs/"
| #define HAVE_VISIBILITY 1
| #define STDC_HEADERS 1
| #define HAVE_SYS_TIME_H 1
| #define HAVE_STRING_H 1
| #define HAVE_TERMIOS_H 1
| #define HAVE_UNISTD_H 1
| #define SIZEOF_LONG_LONG 8
| #define SIZEOF_LONG 4
| #define HAVE_GETTIMEOFDAY 1
| #define HAVE_MEMSET 1
| #define HAVE_ALARM 1
| #define HAVE_STDLIB_H 1
| #define HAVE_MALLOC 1
| #define HAVE_LIBCYASSL 1
| #define HAVE_CYASSL_CLEANUP 1
| #define DEBUG 0
| /* end confdefs.h.  */
| #include <pthread.h>
|                         static void routine(void *a) { a = 0; }
|                         static void *start_routine(void *a) { return a; }
| int
| main ()
| {
| pthread_t th; pthread_attr_t attr;
|                         pthread_create(&th, 0, start_routine, 0);
|                         pthread_join(th, 0);
|                         pthread_attr_init(&attr);
|                         pthread_cleanup_push(routine, 0);
|                         pthread_cleanup_pop(0) /* ; */
|   ;
|   return 0;
| }
configure:18979: result: no
configure:18882: checking whether pthreads work with -Kthread
configure:18970: clang -o conftest  -Kthread  -fvisibility=hidden  -L/usr/local/lib conftest.c   -lcyassl >&5
clang: error: unknown argument: '-Kthread'
configure:18970: $? = 1
configure: failed program was:
| /* confdefs.h */
| #define PACKAGE_NAME "wolfssl"
| #define PACKAGE_TARNAME "wolfssl"
| #define PACKAGE_VERSION "0.1"
| #define PACKAGE_STRING "wolfssl 0.1"
| #define PACKAGE_BUGREPORT "http://www.wolfssl.com"
| #define PACKAGE_URL ""
| #define STDC_HEADERS 1
| #define HAVE_SYS_TYPES_H 1
| #define HAVE_SYS_STAT_H 1
| #define HAVE_STDLIB_H 1
| #define HAVE_STRING_H 1
| #define HAVE_MEMORY_H 1
| #define HAVE_STRINGS_H 1
| #define HAVE_INTTYPES_H 1
| #define HAVE_STDINT_H 1
| #define HAVE_UNISTD_H 1
| #define HAVE_DLFCN_H 1
| #define LT_OBJDIR ".libs/"
| #define HAVE_VISIBILITY 1
| #define STDC_HEADERS 1
| #define HAVE_SYS_TIME_H 1
| #define HAVE_STRING_H 1
| #define HAVE_TERMIOS_H 1
| #define HAVE_UNISTD_H 1
| #define SIZEOF_LONG_LONG 8
| #define SIZEOF_LONG 4
| #define HAVE_GETTIMEOFDAY 1
| #define HAVE_MEMSET 1
| #define HAVE_ALARM 1
| #define HAVE_STDLIB_H 1
| #define HAVE_MALLOC 1
| #define HAVE_LIBCYASSL 1
| #define HAVE_CYASSL_CLEANUP 1
| #define DEBUG 0
| /* end confdefs.h.  */
| #include <pthread.h>
|                         static void routine(void *a) { a = 0; }
|                         static void *start_routine(void *a) { return a; }
| int
| main ()
| {
| pthread_t th; pthread_attr_t attr;
|                         pthread_create(&th, 0, start_routine, 0);
|                         pthread_join(th, 0);
|                         pthread_attr_init(&attr);
|                         pthread_cleanup_push(routine, 0);
|                         pthread_cleanup_pop(0) /* ; */
|   ;
|   return 0;
| }
configure:18979: result: no
configure:18882: checking whether pthreads work with -kthread
configure:18970: clang -o conftest  -kthread  -fvisibility=hidden  -L/usr/local/lib conftest.c   -lcyassl >&5
clang: error: unknown argument: '-kthread'
configure:18970: $? = 1
configure: failed program was:
| /* confdefs.h */
| #define PACKAGE_NAME "wolfssl"
| #define PACKAGE_TARNAME "wolfssl"
| #define PACKAGE_VERSION "0.1"
| #define PACKAGE_STRING "wolfssl 0.1"
| #define PACKAGE_BUGREPORT "http://www.wolfssl.com"
| #define PACKAGE_URL ""
| #define STDC_HEADERS 1
| #define HAVE_SYS_TYPES_H 1
| #define HAVE_SYS_STAT_H 1
| #define HAVE_STDLIB_H 1
| #define HAVE_STRING_H 1
| #define HAVE_MEMORY_H 1
| #define HAVE_STRINGS_H 1
| #define HAVE_INTTYPES_H 1
| #define HAVE_STDINT_H 1
| #define HAVE_UNISTD_H 1
| #define HAVE_DLFCN_H 1
| #define LT_OBJDIR ".libs/"
| #define HAVE_VISIBILITY 1
| #define STDC_HEADERS 1
| #define HAVE_SYS_TIME_H 1
| #define HAVE_STRING_H 1
| #define HAVE_TERMIOS_H 1
| #define HAVE_UNISTD_H 1
| #define SIZEOF_LONG_LONG 8
| #define SIZEOF_LONG 4
| #define HAVE_GETTIMEOFDAY 1
| #define HAVE_MEMSET 1
| #define HAVE_ALARM 1
| #define HAVE_STDLIB_H 1
| #define HAVE_MALLOC 1
| #define HAVE_LIBCYASSL 1
| #define HAVE_CYASSL_CLEANUP 1
| #define DEBUG 0
| /* end confdefs.h.  */
| #include <pthread.h>
|                         static void routine(void *a) { a = 0; }
|                         static void *start_routine(void *a) { return a; }
| int
| main ()
| {
| pthread_t th; pthread_attr_t attr;
|                         pthread_create(&th, 0, start_routine, 0);
|                         pthread_join(th, 0);
|                         pthread_attr_init(&attr);
|                         pthread_cleanup_push(routine, 0);
|                         pthread_cleanup_pop(0) /* ; */
|   ;
|   return 0;
| }
configure:18979: result: no
configure:18932: checking for the pthreads library -llthread
configure:18970: clang -o conftest    -fvisibility=hidden  -L/usr/local/lib conftest.c -llthread  -lcyassl >&5
/usr/bin/ld: cannot find -llthread
clang: error: linker command failed with exit code 1 (use -v to see invocation)
configure:18970: $? = 1
configure: failed program was:
| /* confdefs.h */
| #define PACKAGE_NAME "wolfssl"
| #define PACKAGE_TARNAME "wolfssl"
| #define PACKAGE_VERSION "0.1"
| #define PACKAGE_STRING "wolfssl 0.1"
| #define PACKAGE_BUGREPORT "http://www.wolfssl.com"
| #define PACKAGE_URL ""
| #define STDC_HEADERS 1
| #define HAVE_SYS_TYPES_H 1
| #define HAVE_SYS_STAT_H 1
| #define HAVE_STDLIB_H 1
| #define HAVE_STRING_H 1
| #define HAVE_MEMORY_H 1
| #define HAVE_STRINGS_H 1
| #define HAVE_INTTYPES_H 1
| #define HAVE_STDINT_H 1
| #define HAVE_UNISTD_H 1
| #define HAVE_DLFCN_H 1
| #define LT_OBJDIR ".libs/"
| #define HAVE_VISIBILITY 1
| #define STDC_HEADERS 1
| #define HAVE_SYS_TIME_H 1
| #define HAVE_STRING_H 1
| #define HAVE_TERMIOS_H 1
| #define HAVE_UNISTD_H 1
| #define SIZEOF_LONG_LONG 8
| #define SIZEOF_LONG 4
| #define HAVE_GETTIMEOFDAY 1
| #define HAVE_MEMSET 1
| #define HAVE_ALARM 1
| #define HAVE_STDLIB_H 1
| #define HAVE_MALLOC 1
| #define HAVE_LIBCYASSL 1
| #define HAVE_CYASSL_CLEANUP 1
| #define DEBUG 0
| /* end confdefs.h.  */
| #include <pthread.h>
|                         static void routine(void *a) { a = 0; }
|                         static void *start_routine(void *a) { return a; }
| int
| main ()
| {
| pthread_t th; pthread_attr_t attr;
|                         pthread_create(&th, 0, start_routine, 0);
|                         pthread_join(th, 0);
|                         pthread_attr_init(&attr);
|                         pthread_cleanup_push(routine, 0);
|                         pthread_cleanup_pop(0) /* ; */
|   ;
|   return 0;
| }
configure:18979: result: no
configure:18882: checking whether pthreads work with -pthread
configure:18970: clang -o conftest  -pthread  -fvisibility=hidden  -L/usr/local/lib conftest.c   -lcyassl >&5
configure:18970: $? = 0
configure:18979: result: yes
configure:18998: checking for joinable pthread attribute
configure:19013: clang -o conftest  -pthread  -fvisibility=hidden  -L/usr/local/lib conftest.c   -lcyassl >&5
configure:19013: $? = 0
configure:19019: result: PTHREAD_CREATE_JOINABLE
configure:19029: checking if more special flags are required for pthreads
configure:19043: result: no
configure:19049: checking for PTHREAD_PRIO_INHERIT
configure:19067: clang -o conftest  -pthread  -fvisibility=hidden  -L/usr/local/lib conftest.c   -lcyassl >&5
configure:19067: $? = 0
configure:19076: result: yes
configure:19198: checking whether C compiler accepts 
configure:19217: clang -c     -fvisibility=hidden conftest.c >&5
configure:19217: $? = 0
configure:19225: result: yes
configure:19296: checking for vcs system
configure:19316: result: none
configure:19325: checking for vcs checkout
configure:19337: result: no
configure:19408: checking whether the linker accepts -Werror
configure:19427: clang -o conftest   -fvisibility=hidden  -L/usr/local/lib  -Werror conftest.c  -lcyassl  >&5
configure:19427: $? = 0
configure:19436: result: yes
configure:19450: checking whether the linker accepts -z relro -z now
configure:19469: clang -o conftest   -fvisibility=hidden  -L/usr/local/lib -Werror -z relro -z now conftest.c  -lcyassl  >&5
configure:19469: $? = 0
configure:19479: result: yes
configure:19491: checking whether the linker accepts -pie
configure:19510: clang -o conftest   -fvisibility=hidden  -L/usr/local/lib -Werror -pie conftest.c  -lcyassl  >&5
configure:19510: $? = 0
configure:19520: result: yes
configure:19620: checking whether C compiler accepts -Werror
configure:19639: clang -c   -Werror  -fvisibility=hidden conftest.c >&5
configure:19639: $? = 0
configure:19648: result: yes
configure:19661: : ax_append_compile_cflags_extra="$ax_append_compile_cflags_extra $flag"
configure:19664: $? = 0
configure:19880: checking whether C compiler accepts -Wno-pragmas
configure:19899: clang -c   -Werror -Wno-pragmas  -fvisibility=hidden conftest.c >&5
configure:19899: $? = 0
configure:19908: result: yes
configure:19921: : CFLAGS="$CFLAGS $flag"
configure:19924: $? = 0
configure:19944: checking whether C compiler accepts -Wall
configure:19963: clang -c  -Wno-pragmas  -Werror -Wall  -fvisibility=hidden conftest.c >&5
configure:19963: $? = 0
configure:19972: result: yes
configure:19985: : CFLAGS="$CFLAGS $flag"
configure:19988: $? = 0
configure:20007: checking whether C compiler accepts -Wno-strict-aliasing
configure:20026: clang -c  -Wno-pragmas -Wall  -Wno-strict-aliasing  -fvisibility=hidden conftest.c >&5
configure:20026: $? = 0
configure:20035: result: yes
configure:20048: : CFLAGS="$CFLAGS $flag"
configure:20051: $? = 0
configure:20070: checking whether C compiler accepts -Wextra
configure:20089: clang -c  -Wno-pragmas -Wall -Wno-strict-aliasing  -Werror -Wextra  -fvisibility=hidden conftest.c >&5
configure:20089: $? = 0
configure:20098: result: yes
configure:20111: : CFLAGS="$CFLAGS $flag"
configure:20114: $? = 0
configure:20133: checking whether C compiler accepts -Wunknown-pragmas
configure:20152: clang -c  -Wno-pragmas -Wall -Wno-strict-aliasing -Wextra  -Werror -Wunknown-pragmas  -fvisibility=hidden conftest.c >&5
configure:20152: $? = 0
configure:20161: result: yes
configure:20174: : CFLAGS="$CFLAGS $flag"
configure:20177: $? = 0
configure:20196: checking whether C compiler accepts -Wthis-test-should-fail
configure:20215: clang -c  -Wno-pragmas -Wall -Wno-strict-aliasing -Wextra -Wunknown-pragmas  -Werror -Wthis-test-should-fail  -fvisibility=hidden conftest.c >&5
error: unknown warning option '-Wthis-test-should-fail'; did you mean '-Wmismatched-tags'? [-Werror,-Wunknown-warning-option]
configure:20215: $? = 1
configure: failed program was:
| /* confdefs.h */
| #define PACKAGE_NAME "wolfssl"
| #define PACKAGE_TARNAME "wolfssl"
| #define PACKAGE_VERSION "0.1"
| #define PACKAGE_STRING "wolfssl 0.1"
| #define PACKAGE_BUGREPORT "http://www.wolfssl.com"
| #define PACKAGE_URL ""
| #define STDC_HEADERS 1
| #define HAVE_SYS_TYPES_H 1
| #define HAVE_SYS_STAT_H 1
| #define HAVE_STDLIB_H 1
| #define HAVE_STRING_H 1
| #define HAVE_MEMORY_H 1
| #define HAVE_STRINGS_H 1
| #define HAVE_INTTYPES_H 1
| #define HAVE_STDINT_H 1
| #define HAVE_UNISTD_H 1
| #define HAVE_DLFCN_H 1
| #define LT_OBJDIR ".libs/"
| #define HAVE_VISIBILITY 1
| #define STDC_HEADERS 1
| #define HAVE_SYS_TIME_H 1
| #define HAVE_STRING_H 1
| #define HAVE_TERMIOS_H 1
| #define HAVE_UNISTD_H 1
| #define SIZEOF_LONG_LONG 8
| #define SIZEOF_LONG 4
| #define HAVE_GETTIMEOFDAY 1
| #define HAVE_MEMSET 1
| #define HAVE_ALARM 1
| #define HAVE_STDLIB_H 1
| #define HAVE_MALLOC 1
| #define HAVE_LIBCYASSL 1
| #define HAVE_CYASSL_CLEANUP 1
| #define DEBUG 0
| #define HAVE_PTHREAD_PRIO_INHERIT 1
| #define HAVE_PTHREAD 1
| #define VCS_SYSTEM "none"
| #define VCS_CHECKOUT 0
| /* end confdefs.h.  */
| 
| int
| main ()
| {
| 
|   ;
|   return 0;
| }
configure:20224: result: no
configure:20328: checking whether C compiler accepts -Waddress
configure:20347: clang -c  -Wno-pragmas -Wall -Wno-strict-aliasing -Wextra -Wunknown-pragmas  -Werror -Waddress  -fvisibility=hidden conftest.c >&5
configure:20347: $? = 0
configure:20356: result: yes
configure:20369: : CFLAGS="$CFLAGS $flag"
configure:20372: $? = 0
configure:20391: checking whether C compiler accepts -Warray-bounds
configure:20410: clang -c  -Wno-pragmas -Wall -Wno-strict-aliasing -Wextra -Wunknown-pragmas -Waddress  -Werror -Warray-bounds  -fvisibility=hidden conftest.c >&5
configure:20410: $? = 0
configure:20419: result: yes
configure:20432: : CFLAGS="$CFLAGS $flag"
configure:20435: $? = 0
configure:20454: checking whether C compiler accepts -Wbad-function-cast
configure:20473: clang -c  -Wno-pragmas -Wall -Wno-strict-aliasing -Wextra -Wunknown-pragmas -Waddress -Warray-bounds  -Werror -Wbad-function-cast  -fvisibility=hidden conftest.c >&5
configure:20473: $? = 0
configure:20482: result: yes
configure:20495: : CFLAGS="$CFLAGS $flag"
configure:20498: $? = 0
configure:20517: checking whether C compiler accepts -Wchar-subscripts
configure:20536: clang -c  -Wno-pragmas -Wall -Wno-strict-aliasing -Wextra -Wunknown-pragmas -Waddress -Warray-bounds -Wbad-function-cast  -Werror -Wchar-subscripts  -fvisibility=hidden conftest.c >&5
configure:20536: $? = 0
configure:20545: result: yes
configure:20558: : CFLAGS="$CFLAGS $flag"
configure:20561: $? = 0
configure:20580: checking whether C compiler accepts -Wcomment
configure:20599: clang -c  -Wno-pragmas -Wall -Wno-strict-aliasing -Wextra -Wunknown-pragmas -Waddress -Warray-bounds -Wbad-function-cast -Wchar-subscripts  -Werror -Wcomment  -fvisibility=hidden conftest.c >&5
configure:20599: $? = 0
configure:20608: result: yes
configure:20621: : CFLAGS="$CFLAGS $flag"
configure:20624: $? = 0
configure:20643: checking whether C compiler accepts -Wfloat-equal
configure:20662: clang -c  -Wno-pragmas -Wall -Wno-strict-aliasing -Wextra -Wunknown-pragmas -Waddress -Warray-bounds -Wbad-function-cast -Wchar-subscripts -Wcomment  -Werror -Wfloat-equal  -fvisibility=hidden conftest.c >&5
configure:20662: $? = 0
configure:20671: result: yes
configure:20684: : CFLAGS="$CFLAGS $flag"
configure:20687: $? = 0
configure:20706: checking whether C compiler accepts -Wformat-security
configure:20725: clang -c  -Wno-pragmas -Wall -Wno-strict-aliasing -Wextra -Wunknown-pragmas -Waddress -Warray-bounds -Wbad-function-cast -Wchar-subscripts -Wcomment -Wfloat-equal  -Werror -Wformat-security  -fvisibility=hidden conftest.c >&5
configure:20725: $? = 0
configure:20734: result: yes
configure:20747: : CFLAGS="$CFLAGS $flag"
configure:20750: $? = 0
configure:20769: checking whether C compiler accepts -Wformat=2
configure:20788: clang -c  -Wno-pragmas -Wall -Wno-strict-aliasing -Wextra -Wunknown-pragmas -Waddress -Warray-bounds -Wbad-function-cast -Wchar-subscripts -Wcomment -Wfloat-equal -Wformat-security  -Werror -Wformat=2  -fvisibility=hidden conftest.c >&5
configure:20788: $? = 0
configure:20797: result: yes
configure:20810: : CFLAGS="$CFLAGS $flag"
configure:20813: $? = 0
configure:20832: checking whether C compiler accepts -Wmaybe-uninitialized
configure:20851: clang -c  -Wno-pragmas -Wall -Wno-strict-aliasing -Wextra -Wunknown-pragmas -Waddress -Warray-bounds -Wbad-function-cast -Wchar-subscripts -Wcomment -Wfloat-equal -Wformat-security -Wformat=2  -Werror -Wmaybe-uninitialized  -fvisibility=hidden conftest.c >&5
error: unknown warning option '-Wmaybe-uninitialized'; did you mean '-Wuninitialized'? [-Werror,-Wunknown-warning-option]
configure:20851: $? = 1
configure: failed program was:
| /* confdefs.h */
| #define PACKAGE_NAME "wolfssl"
| #define PACKAGE_TARNAME "wolfssl"
| #define PACKAGE_VERSION "0.1"
| #define PACKAGE_STRING "wolfssl 0.1"
| #define PACKAGE_BUGREPORT "http://www.wolfssl.com"
| #define PACKAGE_URL ""
| #define STDC_HEADERS 1
| #define HAVE_SYS_TYPES_H 1
| #define HAVE_SYS_STAT_H 1
| #define HAVE_STDLIB_H 1
| #define HAVE_STRING_H 1
| #define HAVE_MEMORY_H 1
| #define HAVE_STRINGS_H 1
| #define HAVE_INTTYPES_H 1
| #define HAVE_STDINT_H 1
| #define HAVE_UNISTD_H 1
| #define HAVE_DLFCN_H 1
| #define LT_OBJDIR ".libs/"
| #define HAVE_VISIBILITY 1
| #define STDC_HEADERS 1
| #define HAVE_SYS_TIME_H 1
| #define HAVE_STRING_H 1
| #define HAVE_TERMIOS_H 1
| #define HAVE_UNISTD_H 1
| #define SIZEOF_LONG_LONG 8
| #define SIZEOF_LONG 4
| #define HAVE_GETTIMEOFDAY 1
| #define HAVE_MEMSET 1
| #define HAVE_ALARM 1
| #define HAVE_STDLIB_H 1
| #define HAVE_MALLOC 1
| #define HAVE_LIBCYASSL 1
| #define HAVE_CYASSL_CLEANUP 1
| #define DEBUG 0
| #define HAVE_PTHREAD_PRIO_INHERIT 1
| #define HAVE_PTHREAD 1
| #define VCS_SYSTEM "none"
| #define VCS_CHECKOUT 0
| /* end confdefs.h.  */
| 
| int
| main ()
| {
| 
|   ;
|   return 0;
| }
configure:20860: result: no
configure:20895: checking whether C compiler accepts -Wmissing-field-initializers
configure:20914: clang -c  -Wno-pragmas -Wall -Wno-strict-aliasing -Wextra -Wunknown-pragmas -Waddress -Warray-bounds -Wbad-function-cast -Wchar-subscripts -Wcomment -Wfloat-equal -Wformat-security -Wformat=2  -Werror -Wmissing-field-initializers  -fvisibility=hidden conftest.c >&5
configure:20914: $? = 0
configure:20923: result: yes
configure:20936: : CFLAGS="$CFLAGS $flag"
configure:20939: $? = 0
configure:20958: checking whether C compiler accepts -Wmissing-noreturn
configure:20977: clang -c  -Wno-pragmas -Wall -Wno-strict-aliasing -Wextra -Wunknown-pragmas -Waddress -Warray-bounds -Wbad-function-cast -Wchar-subscripts -Wcomment -Wfloat-equal -Wformat-security -Wformat=2 -Wmissing-field-initializers  -Werror -Wmissing-noreturn  -fvisibility=hidden conftest.c >&5
configure:20977: $? = 0
configure:20986: result: yes
configure:20999: : CFLAGS="$CFLAGS $flag"
configure:21002: $? = 0
configure:21021: checking whether C compiler accepts -Wmissing-prototypes
configure:21040: clang -c  -Wno-pragmas -Wall -Wno-strict-aliasing -Wextra -Wunknown-pragmas -Waddress -Warray-bounds -Wbad-function-cast -Wchar-subscripts -Wcomment -Wfloat-equal -Wformat-security -Wformat=2 -Wmissing-field-initializers -Wmissing-noreturn  -Werror -Wmissing-prototypes  -fvisibility=hidden conftest.c >&5
configure:21040: $? = 0
configure:21049: result: yes
configure:21062: : CFLAGS="$CFLAGS $flag"
configure:21065: $? = 0
configure:21084: checking whether C compiler accepts -Wnested-externs
configure:21103: clang -c  -Wno-pragmas -Wall -Wno-strict-aliasing -Wextra -Wunknown-pragmas -Waddress -Warray-bounds -Wbad-function-cast -Wchar-subscripts -Wcomment -Wfloat-equal -Wformat-security -Wformat=2 -Wmissing-field-initializers -Wmissing-noreturn -Wmissing-prototypes  -Werror -Wnested-externs  -fvisibility=hidden conftest.c >&5
configure:21103: $? = 0
configure:21112: result: yes
configure:21125: : CFLAGS="$CFLAGS $flag"
configure:21128: $? = 0
configure:21147: checking whether C compiler accepts -Wnormalized=id
configure:21166: clang -c  -Wno-pragmas -Wall -Wno-strict-aliasing -Wextra -Wunknown-pragmas -Waddress -Warray-bounds -Wbad-function-cast -Wchar-subscripts -Wcomment -Wfloat-equal -Wformat-security -Wformat=2 -Wmissing-field-initializers -Wmissing-noreturn -Wmissing-prototypes -Wnested-externs  -Werror -Wnormalized=id  -fvisibility=hidden conftest.c >&5
error: unknown warning option '-Wnormalized=id'; did you mean '-Wformat=2'? [-Werror,-Wunknown-warning-option]
configure:21166: $? = 1
configure: failed program was:
| /* confdefs.h */
| #define PACKAGE_NAME "wolfssl"
| #define PACKAGE_TARNAME "wolfssl"
| #define PACKAGE_VERSION "0.1"
| #define PACKAGE_STRING "wolfssl 0.1"
| #define PACKAGE_BUGREPORT "http://www.wolfssl.com"
| #define PACKAGE_URL ""
| #define STDC_HEADERS 1
| #define HAVE_SYS_TYPES_H 1
| #define HAVE_SYS_STAT_H 1
| #define HAVE_STDLIB_H 1
| #define HAVE_STRING_H 1
| #define HAVE_MEMORY_H 1
| #define HAVE_STRINGS_H 1
| #define HAVE_INTTYPES_H 1
| #define HAVE_STDINT_H 1
| #define HAVE_UNISTD_H 1
| #define HAVE_DLFCN_H 1
| #define LT_OBJDIR ".libs/"
| #define HAVE_VISIBILITY 1
| #define STDC_HEADERS 1
| #define HAVE_SYS_TIME_H 1
| #define HAVE_STRING_H 1
| #define HAVE_TERMIOS_H 1
| #define HAVE_UNISTD_H 1
| #define SIZEOF_LONG_LONG 8
| #define SIZEOF_LONG 4
| #define HAVE_GETTIMEOFDAY 1
| #define HAVE_MEMSET 1
| #define HAVE_ALARM 1
| #define HAVE_STDLIB_H 1
| #define HAVE_MALLOC 1
| #define HAVE_LIBCYASSL 1
| #define HAVE_CYASSL_CLEANUP 1
| #define DEBUG 0
| #define HAVE_PTHREAD_PRIO_INHERIT 1
| #define HAVE_PTHREAD 1
| #define VCS_SYSTEM "none"
| #define VCS_CHECKOUT 0
| /* end confdefs.h.  */
| 
| int
| main ()
| {
| 
|   ;
|   return 0;
| }
configure:21175: result: no
configure:21210: checking whether C compiler accepts -Woverride-init
configure:21229: clang -c  -Wno-pragmas -Wall -Wno-strict-aliasing -Wextra -Wunknown-pragmas -Waddress -Warray-bounds -Wbad-function-cast -Wchar-subscripts -Wcomment -Wfloat-equal -Wformat-security -Wformat=2 -Wmissing-field-initializers -Wmissing-noreturn -Wmissing-prototypes -Wnested-externs  -Werror -Woverride-init  -fvisibility=hidden conftest.c >&5
error: unknown warning option '-Woverride-init' [-Werror,-Wunknown-warning-option]
configure:21229: $? = 1
configure: failed program was:
| /* confdefs.h */
| #define PACKAGE_NAME "wolfssl"
| #define PACKAGE_TARNAME "wolfssl"
| #define PACKAGE_VERSION "0.1"
| #define PACKAGE_STRING "wolfssl 0.1"
| #define PACKAGE_BUGREPORT "http://www.wolfssl.com"
| #define PACKAGE_URL ""
| #define STDC_HEADERS 1
| #define HAVE_SYS_TYPES_H 1
| #define HAVE_SYS_STAT_H 1
| #define HAVE_STDLIB_H 1
| #define HAVE_STRING_H 1
| #define HAVE_MEMORY_H 1
| #define HAVE_STRINGS_H 1
| #define HAVE_INTTYPES_H 1
| #define HAVE_STDINT_H 1
| #define HAVE_UNISTD_H 1
| #define HAVE_DLFCN_H 1
| #define LT_OBJDIR ".libs/"
| #define HAVE_VISIBILITY 1
| #define STDC_HEADERS 1
| #define HAVE_SYS_TIME_H 1
| #define HAVE_STRING_H 1
| #define HAVE_TERMIOS_H 1
| #define HAVE_UNISTD_H 1
| #define SIZEOF_LONG_LONG 8
| #define SIZEOF_LONG 4
| #define HAVE_GETTIMEOFDAY 1
| #define HAVE_MEMSET 1
| #define HAVE_ALARM 1
| #define HAVE_STDLIB_H 1
| #define HAVE_MALLOC 1
| #define HAVE_LIBCYASSL 1
| #define HAVE_CYASSL_CLEANUP 1
| #define DEBUG 0
| #define HAVE_PTHREAD_PRIO_INHERIT 1
| #define HAVE_PTHREAD 1
| #define VCS_SYSTEM "none"
| #define VCS_CHECKOUT 0
| /* end confdefs.h.  */
| 
| int
| main ()
| {
| 
|   ;
|   return 0;
| }
configure:21238: result: no
configure:21273: checking whether C compiler accepts -Wpointer-arith
configure:21292: clang -c  -Wno-pragmas -Wall -Wno-strict-aliasing -Wextra -Wunknown-pragmas -Waddress -Warray-bounds -Wbad-function-cast -Wchar-subscripts -Wcomment -Wfloat-equal -Wformat-security -Wformat=2 -Wmissing-field-initializers -Wmissing-noreturn -Wmissing-prototypes -Wnested-externs  -Werror -Wpointer-arith  -fvisibility=hidden conftest.c >&5
configure:21292: $? = 0
configure:21301: result: yes
configure:21314: : CFLAGS="$CFLAGS $flag"
configure:21317: $? = 0
configure:21336: checking whether C compiler accepts -Wpointer-sign
configure:21355: clang -c  -Wno-pragmas -Wall -Wno-strict-aliasing -Wextra -Wunknown-pragmas -Waddress -Warray-bounds -Wbad-function-cast -Wchar-subscripts -Wcomment -Wfloat-equal -Wformat-security -Wformat=2 -Wmissing-field-initializers -Wmissing-noreturn -Wmissing-prototypes -Wnested-externs -Wpointer-arith  -Werror -Wpointer-sign  -fvisibility=hidden conftest.c >&5
configure:21355: $? = 0
configure:21364: result: yes
configure:21377: : CFLAGS="$CFLAGS $flag"
configure:21380: $? = 0
configure:21399: checking whether C compiler accepts -Wredundant-decls
configure:21418: clang -c  -Wno-pragmas -Wall -Wno-strict-aliasing -Wextra -Wunknown-pragmas -Waddress -Warray-bounds -Wbad-function-cast -Wchar-subscripts -Wcomment -Wfloat-equal -Wformat-security -Wformat=2 -Wmissing-field-initializers -Wmissing-noreturn -Wmissing-prototypes -Wnested-externs -Wpointer-arith -Wpointer-sign  -Werror -Wredundant-decls  -fvisibility=hidden conftest.c >&5
configure:21418: $? = 0
configure:21427: result: yes
configure:21440: : CFLAGS="$CFLAGS $flag"
configure:21443: $? = 0
configure:21462: checking whether C compiler accepts -Wshadow
configure:21481: clang -c  -Wno-pragmas -Wall -Wno-strict-aliasing -Wextra -Wunknown-pragmas -Waddress -Warray-bounds -Wbad-function-cast -Wchar-subscripts -Wcomment -Wfloat-equal -Wformat-security -Wformat=2 -Wmissing-field-initializers -Wmissing-noreturn -Wmissing-prototypes -Wnested-externs -Wpointer-arith -Wpointer-sign -Wredundant-decls  -Werror -Wshadow  -fvisibility=hidden conftest.c >&5
configure:21481: $? = 0
configure:21490: result: yes
configure:21503: : CFLAGS="$CFLAGS $flag"
configure:21506: $? = 0
configure:21525: checking whether C compiler accepts -Wshorten-64-to-32
configure:21544: clang -c  -Wno-pragmas -Wall -Wno-strict-aliasing -Wextra -Wunknown-pragmas -Waddress -Warray-bounds -Wbad-function-cast -Wchar-subscripts -Wcomment -Wfloat-equal -Wformat-security -Wformat=2 -Wmissing-field-initializers -Wmissing-noreturn -Wmissing-prototypes -Wnested-externs -Wpointer-arith -Wpointer-sign -Wredundant-decls -Wshadow  -Werror -Wshorten-64-to-32  -fvisibility=hidden conftest.c >&5
configure:21544: $? = 0
configure:21553: result: yes
configure:21566: : CFLAGS="$CFLAGS $flag"
configure:21569: $? = 0
configure:21588: checking whether C compiler accepts -Wsign-compare
configure:21607: clang -c  -Wno-pragmas -Wall -Wno-strict-aliasing -Wextra -Wunknown-pragmas -Waddress -Warray-bounds -Wbad-function-cast -Wchar-subscripts -Wcomment -Wfloat-equal -Wformat-security -Wformat=2 -Wmissing-field-initializers -Wmissing-noreturn -Wmissing-prototypes -Wnested-externs -Wpointer-arith -Wpointer-sign -Wredundant-decls -Wshadow -Wshorten-64-to-32  -Werror -Wsign-compare  -fvisibility=hidden conftest.c >&5
configure:21607: $? = 0
configure:21616: result: yes
configure:21629: : CFLAGS="$CFLAGS $flag"
configure:21632: $? = 0
configure:21651: checking whether C compiler accepts -Wstrict-overflow=1
configure:21670: clang -c  -Wno-pragmas -Wall -Wno-strict-aliasing -Wextra -Wunknown-pragmas -Waddress -Warray-bounds -Wbad-function-cast -Wchar-subscripts -Wcomment -Wfloat-equal -Wformat-security -Wformat=2 -Wmissing-field-initializers -Wmissing-noreturn -Wmissing-prototypes -Wnested-externs -Wpointer-arith -Wpointer-sign -Wredundant-decls -Wshadow -Wshorten-64-to-32 -Wsign-compare  -Werror -Wstrict-overflow=1  -fvisibility=hidden conftest.c >&5
configure:21670: $? = 0
configure:21679: result: yes
configure:21692: : CFLAGS="$CFLAGS $flag"
configure:21695: $? = 0
configure:21714: checking whether C compiler accepts -Wstrict-prototypes
configure:21733: clang -c  -Wno-pragmas -Wall -Wno-strict-aliasing -Wextra -Wunknown-pragmas -Waddress -Warray-bounds -Wbad-function-cast -Wchar-subscripts -Wcomment -Wfloat-equal -Wformat-security -Wformat=2 -Wmissing-field-initializers -Wmissing-noreturn -Wmissing-prototypes -Wnested-externs -Wpointer-arith -Wpointer-sign -Wredundant-decls -Wshadow -Wshorten-64-to-32 -Wsign-compare -Wstrict-overflow=1  -Werror -Wstrict-prototypes  -fvisibility=hidden conftest.c >&5
configure:21733: $? = 0
configure:21742: result: yes
configure:21755: : CFLAGS="$CFLAGS $flag"
configure:21758: $? = 0
configure:21777: checking whether C compiler accepts -Wswitch-enum
configure:21796: clang -c  -Wno-pragmas -Wall -Wno-strict-aliasing -Wextra -Wunknown-pragmas -Waddress -Warray-bounds -Wbad-function-cast -Wchar-subscripts -Wcomment -Wfloat-equal -Wformat-security -Wformat=2 -Wmissing-field-initializers -Wmissing-noreturn -Wmissing-prototypes -Wnested-externs -Wpointer-arith -Wpointer-sign -Wredundant-decls -Wshadow -Wshorten-64-to-32 -Wsign-compare -Wstrict-overflow=1 -Wstrict-prototypes  -Werror -Wswitch-enum  -fvisibility=hidden conftest.c >&5
configure:21796: $? = 0
configure:21805: result: yes
configure:21818: : CFLAGS="$CFLAGS $flag"
configure:21821: $? = 0
configure:21840: checking whether C compiler accepts -Wundef
configure:21859: clang -c  -Wno-pragmas -Wall -Wno-strict-aliasing -Wextra -Wunknown-pragmas -Waddress -Warray-bounds -Wbad-function-cast -Wchar-subscripts -Wcomment -Wfloat-equal -Wformat-security -Wformat=2 -Wmissing-field-initializers -Wmissing-noreturn -Wmissing-prototypes -Wnested-externs -Wpointer-arith -Wpointer-sign -Wredundant-decls -Wshadow -Wshorten-64-to-32 -Wsign-compare -Wstrict-overflow=1 -Wstrict-prototypes -Wswitch-enum  -Werror -Wundef  -fvisibility=hidden conftest.c >&5
configure:21859: $? = 0
configure:21868: result: yes
configure:21881: : CFLAGS="$CFLAGS $flag"
configure:21884: $? = 0
configure:21903: checking whether C compiler accepts -Wunused
configure:21922: clang -c  -Wno-pragmas -Wall -Wno-strict-aliasing -Wextra -Wunknown-pragmas -Waddress -Warray-bounds -Wbad-function-cast -Wchar-subscripts -Wcomment -Wfloat-equal -Wformat-security -Wformat=2 -Wmissing-field-initializers -Wmissing-noreturn -Wmissing-prototypes -Wnested-externs -Wpointer-arith -Wpointer-sign -Wredundant-decls -Wshadow -Wshorten-64-to-32 -Wsign-compare -Wstrict-overflow=1 -Wstrict-prototypes -Wswitch-enum -Wundef  -Werror -Wunused  -fvisibility=hidden conftest.c >&5
configure:21922: $? = 0
configure:21931: result: yes
configure:21944: : CFLAGS="$CFLAGS $flag"
configure:21947: $? = 0
configure:21966: checking whether C compiler accepts -Wunused-result
configure:21985: clang -c  -Wno-pragmas -Wall -Wno-strict-aliasing -Wextra -Wunknown-pragmas -Waddress -Warray-bounds -Wbad-function-cast -Wchar-subscripts -Wcomment -Wfloat-equal -Wformat-security -Wformat=2 -Wmissing-field-initializers -Wmissing-noreturn -Wmissing-prototypes -Wnested-externs -Wpointer-arith -Wpointer-sign -Wredundant-decls -Wshadow -Wshorten-64-to-32 -Wsign-compare -Wstrict-overflow=1 -Wstrict-prototypes -Wswitch-enum -Wundef -Wunused  -Werror -Wunused-result  -fvisibility=hidden conftest.c >&5
configure:21985: $? = 0
configure:21994: result: yes
configure:22007: : CFLAGS="$CFLAGS $flag"
configure:22010: $? = 0
configure:22029: checking whether C compiler accepts -Wunused-variable
configure:22048: clang -c  -Wno-pragmas -Wall -Wno-strict-aliasing -Wextra -Wunknown-pragmas -Waddress -Warray-bounds -Wbad-function-cast -Wchar-subscripts -Wcomment -Wfloat-equal -Wformat-security -Wformat=2 -Wmissing-field-initializers -Wmissing-noreturn -Wmissing-prototypes -Wnested-externs -Wpointer-arith -Wpointer-sign -Wredundant-decls -Wshadow -Wshorten-64-to-32 -Wsign-compare -Wstrict-overflow=1 -Wstrict-prototypes -Wswitch-enum -Wundef -Wunused -Wunused-result  -Werror -Wunused-variable  -fvisibility=hidden conftest.c >&5
configure:22048: $? = 0
configure:22057: result: yes
configure:22070: : CFLAGS="$CFLAGS $flag"
configure:22073: $? = 0
configure:22092: checking whether C compiler accepts -Wwrite-strings
configure:22111: clang -c  -Wno-pragmas -Wall -Wno-strict-aliasing -Wextra -Wunknown-pragmas -Waddress -Warray-bounds -Wbad-function-cast -Wchar-subscripts -Wcomment -Wfloat-equal -Wformat-security -Wformat=2 -Wmissing-field-initializers -Wmissing-noreturn -Wmissing-prototypes -Wnested-externs -Wpointer-arith -Wpointer-sign -Wredundant-decls -Wshadow -Wshorten-64-to-32 -Wsign-compare -Wstrict-overflow=1 -Wstrict-prototypes -Wswitch-enum -Wundef -Wunused -Wunused-result -Wunused-variable  -Werror -Wwrite-strings  -fvisibility=hidden conftest.c >&5
configure:22111: $? = 0
configure:22120: result: yes
configure:22133: : CFLAGS="$CFLAGS $flag"
configure:22136: $? = 0
configure:22155: checking whether C compiler accepts -fwrapv
configure:22174: clang -c  -Wno-pragmas -Wall -Wno-strict-aliasing -Wextra -Wunknown-pragmas -Waddress -Warray-bounds -Wbad-function-cast -Wchar-subscripts -Wcomment -Wfloat-equal -Wformat-security -Wformat=2 -Wmissing-field-initializers -Wmissing-noreturn -Wmissing-prototypes -Wnested-externs -Wpointer-arith -Wpointer-sign -Wredundant-decls -Wshadow -Wshorten-64-to-32 -Wsign-compare -Wstrict-overflow=1 -Wstrict-prototypes -Wswitch-enum -Wundef -Wunused -Wunused-result -Wunused-variable -Wwrite-strings  -Werror -fwrapv  -fvisibility=hidden conftest.c >&5
configure:22174: $? = 0
configure:22183: result: yes
configure:22196: : CFLAGS="$CFLAGS $flag"
configure:22199: $? = 0
configure:22248: result: creating wolfssl-config - generic 0.1 for -lwolfssl -lcyassl
configure:22376: checking the number of available CPUs
configure:22419: result: 4 
configure:22440: added jobserver support to make for 5 jobs
configure:22561: checking that generated files are newer than configure
configure:22567: result: done
configure:22614: creating ./config.status

## ---------------------- ##
## Running config.status. ##
## ---------------------- ##

This file was extended by wolfssl config.status 0.1, which was
generated by GNU Autoconf 2.69.  Invocation command line was

  CONFIG_FILES    = 
  CONFIG_HEADERS  = 
  CONFIG_LINKS    = 
  CONFIG_COMMANDS = 
  $ ./config.status 

on khimes-TravelMate-X483

config.status:1193: creating Makefile
config.status:1193: creating include/version.h
config.status:1193: creating src/config.h
config.status:1374: src/config.h is unchanged
config.status:1422: executing depfiles commands
config.status:1422: executing libtool commands

## ---------------- ##
## Cache variables. ##
## ---------------- ##

ac_cv_build=i686-pc-linux-gnu
ac_cv_c_compiler_gnu=yes
ac_cv_c_int64_t=yes
ac_cv_cxx_compiler_gnu=yes
ac_cv_env_CCC_set=
ac_cv_env_CCC_value=
ac_cv_env_CC_set=set
ac_cv_env_CC_value=clang
ac_cv_env_CFLAGS_set=
ac_cv_env_CFLAGS_value=
ac_cv_env_CPPFLAGS_set=
ac_cv_env_CPPFLAGS_value=
ac_cv_env_CPP_set=
ac_cv_env_CPP_value=
ac_cv_env_CXXCPP_set=
ac_cv_env_CXXCPP_value=
ac_cv_env_CXXFLAGS_set=
ac_cv_env_CXXFLAGS_value=
ac_cv_env_CXX_set=
ac_cv_env_CXX_value=
ac_cv_env_LDFLAGS_set=
ac_cv_env_LDFLAGS_value=
ac_cv_env_LIBS_set=
ac_cv_env_LIBS_value=
ac_cv_env_MCHECK_CPPFLAGS_set=
ac_cv_env_MCHECK_CPPFLAGS_value=
ac_cv_env_MCHECK_LDFLAGS_set=
ac_cv_env_MCHECK_LDFLAGS_value=
ac_cv_env_build_alias_set=
ac_cv_env_build_alias_value=
ac_cv_env_host_alias_set=
ac_cv_env_host_alias_value=
ac_cv_env_target_alias_set=
ac_cv_env_target_alias_value=
ac_cv_func_CyaSSL_Cleanup=yes
ac_cv_func_alarm=yes
ac_cv_func_gettimeofday=yes
ac_cv_func_malloc_0_nonnull=yes
ac_cv_func_memset=yes
ac_cv_header_dlfcn_h=yes
ac_cv_header_inttypes_h=yes
ac_cv_header_memory_h=yes
ac_cv_header_stdc=yes
ac_cv_header_stdint_h=yes
ac_cv_header_stdlib_h=yes
ac_cv_header_string_h=yes
ac_cv_header_strings_h=yes
ac_cv_header_sys_stat_h=yes
ac_cv_header_sys_time_h=yes
ac_cv_header_sys_types_h=yes
ac_cv_header_termios_h=yes
ac_cv_header_unistd_h=yes
ac_cv_host=i686-pc-linux-gnu
ac_cv_libcyassl=yes
ac_cv_objext=o
ac_cv_path_EGREP='/bin/grep -E'
ac_cv_path_FGREP='/bin/grep -F'
ac_cv_path_GREP=/bin/grep
ac_cv_path_SED=/bin/sed
ac_cv_path_install='/usr/bin/install -c'
ac_cv_path_mkdir=/bin/mkdir
ac_cv_prog_AWK=mawk
ac_cv_prog_CPP='clang -E'
ac_cv_prog_CXXCPP='g++ -E'
ac_cv_prog_ac_ct_AR=ar
ac_cv_prog_ac_ct_CC=clang
ac_cv_prog_ac_ct_CXX=g++
ac_cv_prog_ac_ct_MANIFEST_TOOL=mt
ac_cv_prog_ac_ct_OBJDUMP=objdump
ac_cv_prog_ac_ct_RANLIB=ranlib
ac_cv_prog_ac_ct_STRIP=strip
ac_cv_prog_cc_c89=
ac_cv_prog_cc_clang_c_o=yes
ac_cv_prog_cc_g=yes
ac_cv_prog_cxx_g=yes
ac_cv_prog_make_make_set=yes
ac_cv_sizeof_long=4
ac_cv_sizeof_long_long=8
ac_cv_vcs_checkout=no
ac_cv_vcs_system=none
ac_cv_warnings_as_errors=no
acl_cv_path_LD=/usr/bin/ld
acl_cv_prog_gnu_ld=yes
acl_cv_rpath=done
am_cv_CC_dependencies_compiler_type=gcc3
am_cv_CXX_dependencies_compiler_type=gcc3
am_cv_make_support_nested_variables=yes
am_cv_prog_cc_c_o=yes
am_cv_prog_tar_ustar=gnutar
ax_cv_PTHREAD_PRIO_INHERIT=yes
ax_cv_check_cflags__=yes
ax_cv_check_cflags__Waddress=yes
ax_cv_check_cflags__Wall=yes
ax_cv_check_cflags__Warray_bounds=yes
ax_cv_check_cflags__Wbad_function_cast=yes
ax_cv_check_cflags__Wchar_subscripts=yes
ax_cv_check_cflags__Wcomment=yes
ax_cv_check_cflags__Wextra=yes
ax_cv_check_cflags__Wfloat_equal=yes
ax_cv_check_cflags__Wformat_2=yes
ax_cv_check_cflags__Wformat_security=yes
ax_cv_check_cflags__Wmaybe_uninitialized=no
ax_cv_check_cflags__Wmissing_field_initializers=yes
ax_cv_check_cflags__Wmissing_noreturn=yes
ax_cv_check_cflags__Wmissing_prototypes=yes
ax_cv_check_cflags__Wnested_externs=yes
ax_cv_check_cflags__Wno_pragmas=yes
ax_cv_check_cflags__Wnormalized_id=no
ax_cv_check_cflags__Woverride_init=no
ax_cv_check_cflags__Wpointer_arith=yes
ax_cv_check_cflags__Wpointer_sign=yes
ax_cv_check_cflags__Wredundant_decls=yes
ax_cv_check_cflags__Wshadow=yes
ax_cv_check_cflags__Wshorten_64_to_32=yes
ax_cv_check_cflags__Wsign_compare=yes
ax_cv_check_cflags__Wstrict_overflow_1=yes
ax_cv_check_cflags__Wstrict_prototypes=yes
ax_cv_check_cflags__Wswitch_enum=yes
ax_cv_check_cflags__Wthis_test_should_fail=no
ax_cv_check_cflags__Wundef=yes
ax_cv_check_cflags__Wunknown_pragmas=yes
ax_cv_check_cflags__Wunused=yes
ax_cv_check_cflags__Wunused_result=yes
ax_cv_check_cflags__Wunused_variable=yes
ax_cv_check_cflags__Wwrite_strings=yes
ax_cv_check_cflags___Werror=yes
ax_cv_check_cflags___Wno_strict_aliasing=yes
ax_cv_check_cflags__fwrapv=yes
ax_cv_check_ldflags__=yes
ax_cv_check_ldflags___Werror=yes
ax_cv_check_ldflags__pie=yes
ax_cv_check_ldflags__z_relro__z_now=yes
gl_cv_cc_vis_werror=yes
gl_cv_cc_visibility=yes
lt_cv_ar_at_file=@
lt_cv_archive_cmds_need_lc=no
lt_cv_deplibs_check_method=pass_all
lt_cv_file_magic_cmd='$MAGIC_CMD'
lt_cv_file_magic_test_file=
lt_cv_ld_reload_flag=-r
lt_cv_nm_interface='BSD nm'
lt_cv_objdir=.libs
lt_cv_path_LD=/usr/bin/ld
lt_cv_path_LDCXX=/usr/bin/ld
lt_cv_path_NM='/usr/bin/nm -B'
lt_cv_path_mainfest_tool=no
lt_cv_prog_compiler_c_o=yes
lt_cv_prog_compiler_c_o_CXX=yes
lt_cv_prog_compiler_pic='-fPIC -DPIC'
lt_cv_prog_compiler_pic_CXX='-fPIC -DPIC'
lt_cv_prog_compiler_pic_works=yes
lt_cv_prog_compiler_pic_works_CXX=yes
lt_cv_prog_compiler_rtti_exceptions=yes
lt_cv_prog_compiler_static_works=yes
lt_cv_prog_compiler_static_works_CXX=yes
lt_cv_prog_gnu_ld=yes
lt_cv_prog_gnu_ldcxx=yes
lt_cv_sharedlib_from_linklib_cmd='printf %s\n'
lt_cv_shlibpath_overrides_runpath=no
lt_cv_sys_global_symbol_pipe='sed -n -e '\''s/^.*[	 ]\([ABCDGIRSTW][ABCDGIRSTW]*\)[	 ][	 ]*\([_A-Za-z][_A-Za-z0-9]*\)$/\1 \2 \2/p'\'' | sed '\''/ __gnu_lto/d'\'''
lt_cv_sys_global_symbol_to_c_name_address='sed -n -e '\''s/^: \([^ ]*\)[ ]*$/  {\"\1\", (void *) 0},/p'\'' -e '\''s/^[ABCDGIRSTW]* \([^ ]*\) \([^ ]*\)$/  {"\2", (void *) \&\2},/p'\'''
lt_cv_sys_global_symbol_to_c_name_address_lib_prefix='sed -n -e '\''s/^: \([^ ]*\)[ ]*$/  {\"\1\", (void *) 0},/p'\'' -e '\''s/^[ABCDGIRSTW]* \([^ ]*\) \(lib[^ ]*\)$/  {"\2", (void *) \&\2},/p'\'' -e '\''s/^[ABCDGIRSTW]* \([^ ]*\) \([^ ]*\)$/  {"lib\2", (void *) \&\2},/p'\'''
lt_cv_sys_global_symbol_to_cdecl='sed -n -e '\''s/^T .* \(.*\)$/extern int \1();/p'\'' -e '\''s/^[ABCDGIRSTW]* .* \(.*\)$/extern char \1;/p'\'''
lt_cv_sys_max_cmd_len=1572864
lt_cv_to_host_file_cmd=func_convert_file_noop
lt_cv_to_tool_file_cmd=func_convert_file_noop

## ----------------- ##
## Output variables. ##
## ----------------- ##

ACLOCAL='${SHELL} /home/khimes/work/utility/build-aux/missing aclocal-1.14'
AMDEPBACKSLASH='\'
AMDEP_FALSE='#'
AMDEP_TRUE=''
AMINCLUDE='aminclude.am'
AMTAR='$${TAR-tar}'
AM_BACKSLASH='\'
AM_CFLAGS='-DWOLFSSL_PTHREADS  -DHAVE_CYASSL_OPTIONS -DNDEBUG -O2 -pthread -DSIZEOF_LONG_LONG=8'
AM_CPPFLAGS=' -fvisibility=hidden'
AM_DEFAULT_V='$(AM_DEFAULT_VERBOSITY)'
AM_DEFAULT_VERBOSITY='0'
AM_LDFLAGS=''
AM_V='$(V)'
AR='ar'
AUTOCONF='${SHELL} /home/khimes/work/utility/build-aux/missing autoconf'
AUTOHEADER='${SHELL} /home/khimes/work/utility/build-aux/missing autoheader'
AUTOMAKE='${SHELL} /home/khimes/work/utility/build-aux/missing automake-1.14'
AWK='mawk'
CC='clang'
CCDEPMODE='depmode=gcc3'
CFLAGS=' -Wno-pragmas -Wall -Wno-strict-aliasing -Wextra -Wunknown-pragmas -Waddress -Warray-bounds -Wbad-function-cast -Wchar-subscripts -Wcomment -Wfloat-equal -Wformat-security -Wformat=2 -Wmissing-field-initializers -Wmissing-noreturn -Wmissing-prototypes -Wnested-externs -Wpointer-arith -Wpointer-sign -Wredundant-decls -Wshadow -Wshorten-64-to-32 -Wsign-compare -Wstrict-overflow=1 -Wstrict-prototypes -Wswitch-enum -Wundef -Wunused -Wunused-result -Wunused-variable -Wwrite-strings -fwrapv '
CFLAG_VISIBILITY='-fvisibility=hidden'
CPP='clang -E'
CPPFLAGS=' -fvisibility=hidden'
CXX='g++'
CXXCPP='g++ -E'
CXXDEPMODE='depmode=gcc3'
CXXFLAGS='-g -O2'
CYGPATH_W='echo'
DEBUG_FALSE=''
DEBUG_TRUE='#'
DEFS='-DHAVE_CONFIG_H'
DEPDIR='.deps'
DLLTOOL='false'
DSYMUTIL=''
DUMPBIN=''
ECHO_C=''
ECHO_N='-n'
ECHO_T=''
EGREP='/bin/grep -E'
EXEEXT=''
FGREP='/bin/grep -F'
GENERIC_CONFIG='wolfssl-config'
GREP='/bin/grep'
HAVE_LIBCYASSL='yes'
HAVE_LIBCYASSL_FALSE='#'
HAVE_LIBCYASSL_TRUE=''
HAVE_VISIBILITY='1'
HEX_VERSION='0x00001000'
INC_AMINCLUDE='include $(top_builddir)/aminclude.am'
INSTALL_DATA='${INSTALL} -m 644'
INSTALL_PROGRAM='${INSTALL}'
INSTALL_SCRIPT='${INSTALL}'
INSTALL_STRIP_PROGRAM='$(install_sh) -c -s'
IS_VCS_CHECKOUT_FALSE=''
IS_VCS_CHECKOUT_TRUE='#'
LD='/usr/bin/ld'
LDFLAGS=' -L/usr/local/lib'
LIBCYASSL='-lcyassl'
LIBCYASSL_PREFIX=''
LIBOBJS=''
LIBS=' -lcyassl '
LIBTOOL='$(SHELL) $(top_builddir)/libtool'
LIPO=''
LN_S='ln -s'
LTLIBCYASSL='-lcyassl'
LTLIBOBJS=''
MAKEINFO='${SHELL} /home/khimes/work/utility/build-aux/missing makeinfo'
MANIFEST_TOOL=':'
MCHECK=''
MCHECK_CPPFLAGS=''
MCHECK_LDFLAGS=''
MCHECK_LIB=''
MKDIR_P='/bin/mkdir -p'
NM='/usr/bin/nm -B'
NMEDIT=''
OBJDUMP='objdump'
OBJEXT='o'
OTOOL64=''
OTOOL=''
PACKAGE='wolfssl'
PACKAGE_BUGREPORT='http://www.wolfssl.com'
PACKAGE_NAME='wolfssl'
PACKAGE_STRING='wolfssl 0.1'
PACKAGE_TARNAME='wolfssl'
PACKAGE_URL=''
PACKAGE_VERSION='0.1'
PATH_SEPARATOR=':'
PTHREAD_CC='clang'
PTHREAD_CFLAGS='-pthread'
PTHREAD_LIBS=''
RANLIB='ranlib'
SED='/bin/sed'
SET_MAKE=''
SHELL='/bin/bash'
STRIP='strip'
VERSION='0.1'
WOLFSSL_LIBRARY_VERSION='1:0:0'
ac_ct_AR='ar'
ac_ct_CC='clang'
ac_ct_CXX='g++'
ac_ct_DUMPBIN=''
am__EXEEXT_FALSE=''
am__EXEEXT_TRUE='#'
am__fastdepCC_FALSE='#'
am__fastdepCC_TRUE=''
am__fastdepCXX_FALSE='#'
am__fastdepCXX_TRUE=''
am__include='include'
am__isrc=''
am__leading_dot='.'
am__nodep='_no'
am__quote=''
am__tar='tar --format=ustar -chf - "$$tardir"'
am__untar='tar -xf -'
ax_pthread_config=''
bindir='${exec_prefix}/bin'
build='i686-pc-linux-gnu'
build_alias=''
build_cpu='i686'
build_os='linux-gnu'
build_vendor='pc'
datadir='${datarootdir}'
datarootdir='${prefix}/share'
docdir='${datarootdir}/doc/${PACKAGE_TARNAME}'
dvidir='${docdir}'
exec_prefix='${prefix}'
host='i686-pc-linux-gnu'
host_alias=''
host_cpu='i686'
host_os='linux-gnu'
host_vendor='pc'
htmldir='${docdir}'
includedir='${prefix}/include'
infodir='${datarootdir}/info'
install_sh='${SHELL} /home/khimes/work/utility/build-aux/install-sh'
libdir='${exec_prefix}/lib'
libexecdir='${exec_prefix}/libexec'
localedir='${datarootdir}/locale'
localstatedir='${prefix}/var'
mandir='${datarootdir}/man'
mkdir_p='$(MKDIR_P)'
oldincludedir='/usr/include'
pdfdir='${docdir}'
prefix='/usr/local'
program_transform_name='s,x,x,'
psdir='${docdir}'
sbindir='${exec_prefix}/sbin'
sharedstatedir='${prefix}/com'
sysconfdir='${prefix}/etc'
target_alias=''

## ----------- ##
## confdefs.h. ##
## ----------- ##

/* confdefs.h */
#define PACKAGE_NAME "wolfssl"
#define PACKAGE_TARNAME "wolfssl"
#define PACKAGE_VERSION "0.1"
#define PACKAGE_STRING "wolfssl 0.1"
#define PACKAGE_BUGREPORT "http://www.wolfssl.com"
#define PACKAGE_URL ""
#define STDC_HEADERS 1
#define HAVE_SYS_TYPES_H 1
#define HAVE_SYS_STAT_H 1
#define HAVE_STDLIB_H 1
#define HAVE_STRING_H 1
#define HAVE_MEMORY_H 1
#define HAVE_STRINGS_H 1
#define HAVE_INTTYPES_H 1
#define HAVE_STDINT_H 1
#define HAVE_UNISTD_H 1
#define HAVE_DLFCN_H 1
#define LT_OBJDIR ".libs/"
#define HAVE_VISIBILITY 1
#define STDC_HEADERS 1
#define HAVE_SYS_TIME_H 1
#define HAVE_STRING_H 1
#define HAVE_TERMIOS_H 1
#define HAVE_UNISTD_H 1
#define SIZEOF_LONG_LONG 8
#define SIZEOF_LONG 4
#define HAVE_GETTIMEOFDAY 1
#define HAVE_MEMSET 1
#define HAVE_ALARM 1
#define HAVE_STDLIB_H 1
#define HAVE_MALLOC 1
#define HAVE_LIBCYASSL 1
#define HAVE_CYASSL_CLEANUP 1
#define DEBUG 0
#define HAVE_PTHREAD_PRIO_INHERIT 1
#define HAVE_PTHREAD 1
#define VCS_SYSTEM "none"
#define VCS_CHECKOUT 0

configure: exit 0

## ---------------------- ##
## Running config.status. ##
## ---------------------- ##

This file was extended by wolfssl config.status 0.1, which was
generated by GNU Autoconf 2.69.  Invocation command line was

  CONFIG_FILES    = 
  CONFIG_HEADERS  = 
  CONFIG_LINKS    = 
  CONFIG_COMMANDS = 
  $ ./config.status Makefile depfiles

on khimes-TravelMate-X483

config.status:1193: creating Makefile
config.status:1422: executing depfiles commands
